# JRE version: OpenJDK Runtime Environment OpenLogic-OpenJDK (17.0.14+7) (build 17.0.14+7-adhoc..jdk17u)
# Java VM: OpenJDK 64-Bit Server VM OpenLogic-OpenJDK (17.0.14+7-adhoc..jdk17u, mixed mode, sharing, tiered, compressed oops, compressed class ptrs, g1 gc, windows-amd64)
GC Precious Log:
 CPUs: 8 total, 8 available
 Memory: 8078M
 Large Page Support: Disabled
 NUMA Support: Disabled
 Compressed Oops: Enabled (32-bit)
 Heap Region Size: 1M
 Heap Min Capacity: 8M
 Heap Initial Capacity: 128M
 Heap Max Capacity: 2020M
 Pre-touch: Disabled
 Parallel Workers: 8
 Concurrent Workers: 2
 Concurrent Refinement Workers: 8
 Periodic GC: Disabled
Heap:
 garbage-first heap   total 291840K, used 168384K [0x0000000081c00000, 0x0000000100000000)
  region size 1024K, 2 young (2048K), 2 survivors (2048K)
 Metaspace       used 71306K, committed 71616K, reserved 1114112K
  class space    used 7496K, committed 7616K, reserved 1048576K
GC Heap History (20 events):
Event: 30.994 GC heap after
{Heap after GC invocations=28 (full 0):
 garbage-first heap   total 189440K, used 93484K [0x0000000081c00000, 0x0000000100000000)
  region size 1024K, 5 young (5120K), 5 survivors (5120K)
 Metaspace       used 59864K, committed 60160K, reserved 1114112K
  class space    used 6659K, committed 6784K, reserved 1048576K
}
Event: 31.624 GC heap before
{Heap before GC invocations=28 (full 0):
 garbage-first heap   total 189440K, used 97580K [0x0000000081c00000, 0x0000000100000000)
  region size 1024K, 9 young (9216K), 5 survivors (5120K)
 Metaspace       used 60065K, committed 60352K, reserved 1114112K
  class space    used 6665K, committed 6784K, reserved 1048576K
}
Event: 31.636 GC heap after
{Heap after GC invocations=29 (full 0):
 garbage-first heap   total 189440K, used 94092K [0x0000000081c00000, 0x0000000100000000)
  region size 1024K, 1 young (1024K), 1 survivors (1024K)
 Metaspace       used 60065K, committed 60352K, reserved 1114112K
  class space    used 6665K, committed 6784K, reserved 1048576K
}
Event: 34.833 GC heap before
{Heap before GC invocations=29 (full 0):
 garbage-first heap   total 189440K, used 150412K [0x0000000081c00000, 0x0000000100000000)
  region size 1024K, 56 young (57344K), 1 survivors (1024K)
 Metaspace       used 61099K, committed 61376K, reserved 1114112K
  class space    used 6698K, committed 6848K, reserved 1048576K
}
Event: 34.850 GC heap after
{Heap after GC invocations=30 (full 0):
 garbage-first heap   total 189440K, used 98068K [0x0000000081c00000, 0x0000000100000000)
  region size 1024K, 5 young (5120K), 5 survivors (5120K)
 Metaspace       used 61099K, committed 61376K, reserved 1114112K
  class space    used 6698K, committed 6848K, reserved 1048576K
}
Event: 35.772 GC heap before
{Heap before GC invocations=31 (full 0):
 garbage-first heap   total 189440K, used 152340K [0x0000000081c00000, 0x0000000100000000)
  region size 1024K, 58 young (59392K), 5 survivors (5120K)
 Metaspace       used 61314K, committed 61568K, reserved 1114112K
  class space    used 6703K, committed 6848K, reserved 1048576K
}
Event: 35.799 GC heap after
{Heap after GC invocations=32 (full 0):
 garbage-first heap   total 189440K, used 107581K [0x0000000081c00000, 0x0000000100000000)
  region size 1024K, 8 young (8192K), 8 survivors (8192K)
 Metaspace       used 61314K, committed 61568K, reserved 1114112K
  class space    used 6703K, committed 6848K, reserved 1048576K
}
Event: 35.806 GC heap before
{Heap before GC invocations=32 (full 0):
 garbage-first heap   total 189440K, used 108605K [0x0000000081c00000, 0x0000000100000000)
  region size 1024K, 9 young (9216K), 8 survivors (8192K)
 Metaspace       used 61314K, committed 61568K, reserved 1114112K
  class space    used 6703K, committed 6848K, reserved 1048576K
}
Event: 35.822 GC heap after
{Heap after GC invocations=33 (full 0):
 garbage-first heap   total 264192K, used 108847K [0x0000000081c00000, 0x0000000100000000)
  region size 1024K, 2 young (2048K), 2 survivors (2048K)
 Metaspace       used 61314K, committed 61568K, reserved 1114112K
  class space    used 6703K, committed 6848K, reserved 1048576K
}
Event: 38.378 GC heap before
{Heap before GC invocations=33 (full 0):
 garbage-first heap   total 264192K, used 199983K [0x0000000081c00000, 0x0000000100000000)
  region size 1024K, 91 young (93184K), 2 survivors (2048K)
 Metaspace       used 66753K, committed 67072K, reserved 1114112K
  class space    used 7186K, committed 7296K, reserved 1048576K
}
Event: 38.395 GC heap after
{Heap after GC invocations=34 (full 0):
 garbage-first heap   total 264192K, used 121596K [0x0000000081c00000, 0x0000000100000000)
  region size 1024K, 12 young (12288K), 12 survivors (12288K)
 Metaspace       used 66753K, committed 67072K, reserved 1114112K
  class space    used 7186K, committed 7296K, reserved 1048576K
}
Event: 42.147 GC heap before
{Heap before GC invocations=35 (full 0):
 garbage-first heap   total 264192K, used 202492K [0x0000000081c00000, 0x0000000100000000)
  region size 1024K, 91 young (93184K), 12 survivors (12288K)
 Metaspace       used 68937K, committed 69312K, reserved 1114112K
  class space    used 7318K, committed 7488K, reserved 1048576K
}
Event: 42.203 GC heap after
{Heap after GC invocations=36 (full 0):
 garbage-first heap   total 264192K, used 139428K [0x0000000081c00000, 0x0000000100000000)
  region size 1024K, 12 young (12288K), 12 survivors (12288K)
 Metaspace       used 68937K, committed 69312K, reserved 1114112K
  class space    used 7318K, committed 7488K, reserved 1048576K
}
Event: 42.228 GC heap before
{Heap before GC invocations=36 (full 0):
 garbage-first heap   total 264192K, used 140452K [0x0000000081c00000, 0x0000000100000000)
  region size 1024K, 13 young (13312K), 12 survivors (12288K)
 Metaspace       used 68940K, committed 69312K, reserved 1114112K
  class space    used 7318K, committed 7488K, reserved 1048576K
}
Event: 42.243 GC heap after
{Heap after GC invocations=37 (full 0):
 garbage-first heap   total 264192K, used 142336K [0x0000000081c00000, 0x0000000100000000)
  region size 1024K, 2 young (2048K), 2 survivors (2048K)
 Metaspace       used 68940K, committed 69312K, reserved 1114112K
  class space    used 7318K, committed 7488K, reserved 1048576K
}
Event: 43.912 GC heap before
{Heap before GC invocations=37 (full 0):
 garbage-first heap   total 264192K, used 206848K [0x0000000081c00000, 0x0000000100000000)
  region size 1024K, 65 young (66560K), 2 survivors (2048K)
 Metaspace       used 69150K, committed 69504K, reserved 1114112K
  class space    used 7330K, committed 7488K, reserved 1048576K
}
Event: 43.931 GC heap after
{Heap after GC invocations=38 (full 0):
 garbage-first heap   total 264192K, used 156519K [0x0000000081c00000, 0x0000000100000000)
  region size 1024K, 9 young (9216K), 9 survivors (9216K)
 Metaspace       used 69150K, committed 69504K, reserved 1114112K
  class space    used 7330K, committed 7488K, reserved 1048576K
}
Event: 45.521 GC heap before
{Heap before GC invocations=39 (full 0):
 garbage-first heap   total 291840K, used 208743K [0x0000000081c00000, 0x0000000100000000)
  region size 1024K, 59 young (60416K), 9 survivors (9216K)
 Metaspace       used 70922K, committed 71296K, reserved 1114112K
  class space    used 7449K, committed 7616K, reserved 1048576K
}
Event: 45.557 GC heap after
{Heap after GC invocations=40 (full 0):
 garbage-first heap   total 291840K, used 167170K [0x0000000081c00000, 0x0000000100000000)
  region size 1024K, 8 young (8192K), 8 survivors (8192K)
 Metaspace       used 70922K, committed 71296K, reserved 1114112K
  class space    used 7449K, committed 7616K, reserved 1048576K
}
Event: 45.814 GC heap before
{Heap before GC invocations=40 (full 0):
 garbage-first heap   total 291840K, used 173314K [0x0000000081c00000, 0x0000000100000000)
  region size 1024K, 14 young (14336K), 8 survivors (8192K)
 Metaspace       used 71306K, committed 71616K, reserved 1114112K
  class space    used 7496K, committed 7616K, reserved 1048576K
}

